info: 6/9/2023, 11:40:17 AM :  Servidor escuchando en el puerto:  3000
info: 6/9/2023, 11:40:21 AM :  Servidor escuchando en el puerto:  3000
info: 6/9/2023, 11:40:24 AM :   :  visitante accedio al login
info: 6/9/2023, 11:40:26 AM :  visitante accedio al recuperacion
info: 6/9/2023, 11:40:33 AM :  visitante accedio al recuperacion y al dar click a recuperar con el correo  y se le genero un token a : espejofabian@gmail.com 
info: 6/9/2023, 11:40:33 AM :  Enviar el correo electrónico de recuperación de contraseña con el enlace que contiene el token a espejofabian@gmail.com
info: 6/9/2023, 11:44:13 AM :  Servidor escuchando en el puerto:  3000
info: 6/9/2023, 11:55:58 AM :  Servidor escuchando en el puerto:  3000
info: 6/9/2023, 11:56:28 AM :  Servidor escuchando en el puerto:  3000
info: 6/9/2023, 11:56:32 AM :   :  visitante accedio al login
info: 6/9/2023, 11:56:33 AM :  visitante accedio al recuperacion
info: 6/9/2023, 11:56:37 AM :  visitante accedio al recuperacion y al dar click a recuperar con el correo  y se le genero un token a : espejofabian@gmail.com 
info: 6/9/2023, 11:56:37 AM :  Enviar el correo electrónico de recuperación de contraseña con el enlace que contiene el token a espejofabian@gmail.com
info: 6/9/2023, 11:56:38 AM :  Correo electrónico de recuperación de contraseña enviado con éxito contiene el token a espejofabian@gmail.com
info: 6/9/2023, 11:59:09 AM :  Servidor escuchando en el puerto:  3000
info: 6/9/2023, 11:59:09 AM :  visitante accedio al recuperacion y al dar click a recuperar con el correo  y se le genero un token a : espejofabian@gmail.com 
info: 6/9/2023, 11:59:09 AM :  Enviar el correo electrónico de recuperación de contraseña con el enlace que contiene el token a espejofabian@gmail.com
info: 6/9/2023, 11:59:11 AM :  Correo electrónico de recuperación de contraseña enviado con éxito contiene el token a espejofabian@gmail.com
info: 6/9/2023, 11:59:29 AM :  Servidor escuchando en el puerto:  3000
info: 6/9/2023, 11:59:30 AM :  visitante accedio al recuperacion
info: 6/9/2023, 11:59:32 AM :  visitante accedio al recuperacion y al dar click a recuperar con el correo  y se le genero un token a : espejofabian@gmail.com 
info: 6/9/2023, 11:59:32 AM :  Enviar el correo electrónico de recuperación de contraseña con el enlace que contiene el token a espejofabian@gmail.com
info: 6/9/2023, 11:59:34 AM :  Correo electrónico de recuperación de contraseña enviado con éxito contiene el token a espejofabian@gmail.com
info: 6/9/2023, 12:00:28 PM :  Servidor escuchando en el puerto:  3000
info: 6/9/2023, 12:00:28 PM :  visitante accedio al recuperacion y al dar click a recuperar con el correo  y se le genero un token a : espejofabian@gmail.com 
info: 6/9/2023, 12:00:28 PM :  Enviar el correo electrónico de recuperación de contraseña con el enlace que contiene el token a espejofabian@gmail.com
info: 6/9/2023, 12:00:29 PM :  Correo electrónico de recuperación de contraseña enviado con éxito contiene el token a espejofabian@gmail.com
info: 6/9/2023, 12:00:30 PM :  Servidor escuchando en el puerto:  3000
info: 6/9/2023, 12:00:32 PM :  visitante accedio al recuperacion
info: 6/9/2023, 12:00:33 PM :  visitante accedio al recuperacion y al dar click a recuperar con el correo  y se le genero un token a : espejofabian@gmail.com 
info: 6/9/2023, 12:00:33 PM :  Enviar el correo electrónico de recuperación de contraseña con el enlace que contiene el token a espejofabian@gmail.com
info: 6/9/2023, 12:00:34 PM :  Correo electrónico de recuperación de contraseña enviado con éxito contiene el token a espejofabian@gmail.com
info: 6/9/2023, 12:01:58 PM :  Servidor escuchando en el puerto:  3000
info: 6/9/2023, 12:03:33 PM :  Servidor escuchando en el puerto:  3000
info: 6/9/2023, 12:03:38 PM :  Servidor escuchando en el puerto:  3000
info: 6/9/2023, 12:03:42 PM :  visitante accedio al recuperacion
info: 6/9/2023, 12:03:44 PM :  visitante accedio al recuperacion y al dar click a recuperar con el correo  y se le genero un token a : espejofabian@gmail.com 
info: 6/9/2023, 12:03:44 PM :  Enviar el correo electrónico de recuperación de contraseña con el enlace que contiene el token a espejofabian@gmail.com
info: 6/9/2023, 12:03:45 PM :  Correo electrónico de recuperación de contraseña enviado con éxito contiene el token a espejofabian@gmail.com
info: 6/9/2023, 12:05:29 PM :  Servidor escuchando en el puerto:  3000
info: 6/9/2023, 12:05:29 PM :  visitante accedio al recuperacion y al dar click a recuperar con el correo  y se le genero un token a : espejofabian@gmail.com 
info: 6/9/2023, 12:05:29 PM :  Enviar el correo electrónico de recuperación de contraseña con el enlace que contiene el token a espejofabian@gmail.com
info: 6/9/2023, 12:05:30 PM :  Correo electrónico de recuperación de contraseña enviado con éxito contiene el token a espejofabian@gmail.com
info: 6/9/2023, 12:05:47 PM :  Servidor escuchando en el puerto:  3000
info: 6/9/2023, 12:05:51 PM :  Servidor escuchando en el puerto:  3000
info: 6/9/2023, 12:05:53 PM :  visitante accedio al recuperacion
info: 6/9/2023, 12:05:55 PM :  visitante accedio al recuperacion y al dar click a recuperar con el correo  y se le genero un token a : espejofabian@gmail.com 
info: 6/9/2023, 12:05:55 PM :  Enviar el correo electrónico de recuperación de contraseña con el enlace que contiene el token a espejofabian@gmail.com
info: 6/9/2023, 12:05:56 PM :  Correo electrónico de recuperación de contraseña enviado con éxito contiene el token a espejofabian@gmail.com
info: 6/9/2023, 12:06:10 PM :  Servidor escuchando en el puerto:  3000
info: 6/9/2023, 12:06:10 PM :  visitante accedio al recuperacion y al dar click a recuperar con el correo  y se le genero un token a : espejofabian@gmail.com 
info: 6/9/2023, 12:06:10 PM :  Enviar el correo electrónico de recuperación de contraseña con el enlace que contiene el token a espejofabian@gmail.com
info: 6/9/2023, 12:06:11 PM :  Correo electrónico de recuperación de contraseña enviado con éxito contiene el token a espejofabian@gmail.com
info: 6/9/2023, 12:28:18 PM :   :  visitante accedio al login
info: 6/9/2023, 12:28:19 PM :  visitante accedio al recuperacion
info: 11/6/2023, 17:29:23 :  Servidor escuchando en el puerto:  3000
info: 11/6/2023, 17:32:05 :   :  visitante accedio al login
info: 11/6/2023, 17:32:06 :  visitante accedio al registro
info: 11/6/2023, 17:32:17 :  visitante no pudo resgistrarse ya que el usuario agregado ya existe 
info: 11/6/2023, 17:32:21 :  visitante accedio al registro
info: 11/6/2023, 17:32:48 :  visitante no pudo resgistrarse ya que el usuario agregado ya existe 
info: 11/6/2023, 17:32:51 :  visitante accedio al registro
info: 11/6/2023, 17:33:46 :  Servidor escuchando en el puerto:  3000
info: 11/6/2023, 17:34:30 :  Servidor escuchando en el puerto:  3000
info: 11/6/2023, 17:34:43 :  Servidor escuchando en el puerto:  3000
info: 11/6/2023, 17:36:08 :  Servidor escuchando en el puerto:  3000
info: 11/6/2023, 17:36:08 :  El error de conexión es: Error: ER_ACCESS_DENIED_ERROR: Access denied for user ''@'localhost' (using password: NO)
info: 11/6/2023, 17:36:40 :  Servidor escuchando en el puerto:  3000
info: 11/6/2023, 17:36:40 :  El error de conexión es: Error: ER_ACCESS_DENIED_ERROR: Access denied for user ''@'localhost' (using password: NO)
info: 11/6/2023, 18:32:05 :  Servidor escuchando en el puerto:  3000
info: 11/6/2023, 18:32:05 :  El error de conexión es: Error: ER_ACCESS_DENIED_ERROR: Access denied for user ''@'localhost' (using password: NO)
info: 11/6/2023, 18:32:29 :  Servidor escuchando en el puerto:  3000
info: 11/6/2023, 18:32:29 :  El error de conexión es: Error: ER_ACCESS_DENIED_ERROR: Access denied for user ''@'localhost' (using password: NO)
info: 11/6/2023, 18:33:05 :  Servidor escuchando en el puerto:  3000
info: 11/6/2023, 18:33:05 :  El error de conexión es: Error: ER_ACCESS_DENIED_ERROR: Access denied for user ''@'localhost' (using password: NO)
info: 11/6/2023, 18:36:20 :  Servidor escuchando en el puerto:  3000
info: 11/6/2023, 18:36:20 :  El error de conexión es: Error: ER_ACCESS_DENIED_ERROR: Access denied for user ''@'localhost' (using password: NO)
info: 11/6/2023, 18:39:26 :  Servidor escuchando en el puerto:  3000
info: 11/6/2023, 18:39:26 :  ¡Conectado a la Base de Datos!
info: 11/6/2023, 18:40:44 :  visitante accedio al registro
info: 11/6/2023, 18:40:47 :  visitante se registro de manera exitosa para el usuario : fabian@remotepcsolutions.com
info: 11/6/2023, 19:00:51 :  Servidor escuchando en el puerto:  3000
info: 11/6/2023, 19:00:51 :  ¡Conectado a la Base de Datos!
info: 11/6/2023, 19:05:21 :  Servidor escuchando en el puerto:  3000
info: 11/6/2023, 19:05:21 :  ¡Conectado a la Base de Datos!
info: 11/6/2023, 19:17:47 :   :  visitante accedio al login
info: 11/6/2023, 19:27:17 :   :  visitante accedio al login
info: 11/6/2023, 19:28:08 :   :  visitante accedio al login
info: 11/6/2023, 19:30:22 :   :  visitante accedio al login
info: 11/6/2023, 19:30:23 :   :  visitante accedio al login
info: 11/6/2023, 19:30:31 :   :  visitante accedio al login
info: 11/6/2023, 19:30:32 :  visitante accedio al registro
info: 11/6/2023, 19:30:35 :  visitante accedio al recuperacion
info: 11/6/2023, 19:32:01 :   :  visitante accedio al login
info: 11/6/2023, 19:32:02 :   :  visitante accedio al login
info: 11/6/2023, 19:33:48 :   :  visitante accedio al login
info: 11/6/2023, 19:33:57 :   :  visitante accedio al login
info: 11/6/2023, 19:33:58 :  visitante accedio al registro
info: 11/6/2023, 19:34:00 :  visitante accedio al recuperacion
info: 11/6/2023, 19:34:08 :   :  visitante accedio al login
info: 11/6/2023, 19:36:22 :   :  visitante accedio al login
info: 11/6/2023, 19:37:38 :   :  visitante accedio al login
info: 11/6/2023, 19:37:41 :  visitante accedio al registro
info: 11/6/2023, 19:38:03 :   :  visitante accedio al login
info: 11/6/2023, 19:38:15 :   :  visitante accedio al login
info: 11/6/2023, 19:38:24 :   :  visitante accedio al login
info: 11/6/2023, 19:38:27 :   :  visitante accedio al login
info: 11/6/2023, 19:39:29 :   :  visitante accedio al login
info: 11/6/2023, 19:39:30 :   :  visitante accedio al login
info: 11/6/2023, 19:39:32 :   :  visitante accedio al login
info: 11/6/2023, 19:39:34 :   :  visitante accedio al login
info: 11/6/2023, 19:39:41 :   :  visitante accedio al login
info: 11/6/2023, 19:39:54 :   :  visitante accedio al login
info: 11/6/2023, 19:39:57 :  visitante accedio al registro
info: 11/6/2023, 19:41:00 :  visitante accedio al registro
info: 11/6/2023, 19:41:08 :  visitante accedio al registro
info: 11/6/2023, 19:41:10 :  visitante accedio al registro
info: 11/6/2023, 19:41:12 :  visitante accedio al registro
info: 11/6/2023, 19:41:42 :  visitante accedio al registro
info: 11/6/2023, 19:41:42 :  visitante accedio al registro
info: 11/6/2023, 19:41:43 :  visitante accedio al registro
info: 11/6/2023, 19:41:43 :  visitante accedio al registro
info: 11/6/2023, 19:41:55 :  visitante accedio al registro
info: 11/6/2023, 19:42:00 :  visitante accedio al registro
info: 11/6/2023, 19:42:24 :  visitante accedio al registro
info: 11/6/2023, 19:45:07 :   :  visitante accedio al login
info: 11/6/2023, 19:45:18 :   :  visitante accedio al login
info: 11/6/2023, 19:45:24 :  visitante accedio al recuperacion
info: 11/6/2023, 19:45:28 :  visitante accedio al registro
info: 11/6/2023, 19:45:46 :   :  visitante accedio al login
info: 11/6/2023, 19:50:56 :  ¡Conectado a la Base de Datos!
info: 11/6/2023, 19:51:19 :  ¡Conectado a la Base de Datos!
info: 11/6/2023, 19:51:43 :  ¡Conectado a la Base de Datos!
info: 11/6/2023, 19:54:10 :  El error de conexión es: Error: connect ECONNREFUSED ::1:3306
info: 11/6/2023, 19:56:54 :  ¡Conectado a la Base de Datos!
info: 11/6/2023, 19:59:09 :  ¡Conectado a la Base de Datos!
info: 11/6/2023, 19:59:34 :  ¡Conectado a la Base de Datos!
info: 11/6/2023, 20:01:03 :  ¡Conectado a la Base de Datos!
info: 11/6/2023, 20:01:59 :  ¡Conectado a la Base de Datos!
info: 11/6/2023, 20:02:16 :  ¡Conectado a la Base de Datos!
info: 11/6/2023, 20:03:36 :  Servidor escuchando en el puerto:  3000
info: 11/6/2023, 20:03:37 :  ¡Conectado a la Base de Datos!
info: 11/6/2023, 20:03:37 :   :  visitante accedio al login
info: 11/6/2023, 20:03:43 :  visitante trato de logearse con el usuario  fabian@remotepcsolutions.com pero ha fallado 
info: 11/6/2023, 20:03:44 :   :  visitante accedio al login
info: 11/6/2023, 20:03:46 :  visitante accedio al recuperacion
info: 11/6/2023, 20:03:48 :  visitante accedio al recuperacion y al dar click a recuperar con el correo  y se le genero un token a : fabian@remotepcsolutions.com 
info: 11/6/2023, 20:03:48 :  Enviar el correo electrónico de recuperación de contraseña con el enlace que contiene el token a fabian@remotepcsolutions.com
info: 11/6/2023, 20:03:48 :  Error al enviar el correo electrónico que contiene el token a fabian@remotepcsolutions.com
info: 11/6/2023, 20:05:37 :  visitante accedio al recuperacion
info: 11/6/2023, 20:05:38 :  visitante accedio al recuperacion y al dar click a recuperar con el correo  y se le genero un token a : fabian@remotepcsolutions.com 
info: 11/6/2023, 20:05:38 :  Enviar el correo electrónico de recuperación de contraseña con el enlace que contiene el token a fabian@remotepcsolutions.com
info: 11/6/2023, 20:05:38 :  Error al enviar el correo electrónico que contiene el token a fabian@remotepcsolutions.com
info: 11/6/2023, 20:05:53 :  Servidor escuchando en el puerto:  3000
info: 11/6/2023, 20:05:53 :  ¡Conectado a la Base de Datos!
info: 11/6/2023, 20:05:57 :  visitante accedio al recuperacion
info: 11/6/2023, 20:05:57 :  visitante accedio al recuperacion y al dar click a recuperar con el correo  y se le genero un token a : fabian@remotepcsolutions.com 
info: 11/6/2023, 20:05:57 :  Enviar el correo electrónico de recuperación de contraseña con el enlace que contiene el token a fabian@remotepcsolutions.com
info: 11/6/2023, 20:06:27 :  Error al enviar el correo electrónico que contiene el token a fabian@remotepcsolutions.com
info: 11/6/2023, 20:07:11 :  visitante accedio al recuperacion
info: 11/6/2023, 20:07:12 :  visitante accedio al recuperacion y al dar click a recuperar con el correo  y se le genero un token a : fabian@remotepcsolutions.com 
info: 11/6/2023, 20:07:12 :  Enviar el correo electrónico de recuperación de contraseña con el enlace que contiene el token a fabian@remotepcsolutions.com
info: 11/6/2023, 20:07:22 :  Servidor escuchando en el puerto:  3000
info: 11/6/2023, 20:07:22 :  ¡Conectado a la Base de Datos!
info: 11/6/2023, 20:07:22 :  visitante accedio al recuperacion y al dar click a recuperar con el correo  y se le genero un token a : fabian@remotepcsolutions.com 
info: 11/6/2023, 20:07:22 :  Enviar el correo electrónico de recuperación de contraseña con el enlace que contiene el token a fabian@remotepcsolutions.com
info: 11/6/2023, 20:07:52 :  Error al enviar el correo electrónico que contiene el token a fabian@remotepcsolutions.com
info: 11/6/2023, 20:07:57 :  visitante accedio al recuperacion
info: 11/6/2023, 20:07:58 :  visitante accedio al recuperacion y al dar click a recuperar con el correo  y se le genero un token a : fabian@remotepcsolutions.com 
info: 11/6/2023, 20:07:58 :  Enviar el correo electrónico de recuperación de contraseña con el enlace que contiene el token a fabian@remotepcsolutions.com
info: 11/6/2023, 20:08:28 :  Error al enviar el correo electrónico que contiene el token a fabian@remotepcsolutions.com
info: 11/6/2023, 20:11:04 :  Servidor escuchando en el puerto:  3000
info: 11/6/2023, 20:11:04 :  ¡Conectado a la Base de Datos!
info: 11/6/2023, 20:11:08 :  visitante accedio al recuperacion
info: 11/6/2023, 20:11:09 :  visitante accedio al recuperacion y al dar click a recuperar con el correo  y se le genero un token a : fabian@remotepcsolutions.com 
info: 11/6/2023, 20:11:09 :  Enviar el correo electrónico de recuperación de contraseña con el enlace que contiene el token a fabian@remotepcsolutions.com
info: 11/6/2023, 20:11:39 :  Error al enviar el correo electrónico que contiene el token a fabian@remotepcsolutions.com
info: 11/6/2023, 20:13:52 :  visitante accedio al recuperacion
info: 11/6/2023, 20:14:57 :  Servidor escuchando en el puerto:  3000
info: 11/6/2023, 20:14:57 :  ¡Conectado a la Base de Datos!
info: 11/6/2023, 20:15:00 :  visitante accedio al recuperacion y al dar click a recuperar con el correo  y se le genero un token a : fabian@remotepcsolutions.com 
info: 11/6/2023, 20:15:00 :  Enviar el correo electrónico de recuperación de contraseña con el enlace que contiene el token a fabian@remotepcsolutions.com
info: 11/6/2023, 20:15:30 :  Error al enviar el correo electrónico que contiene el token a fabian@remotepcsolutions.com
info: 11/6/2023, 20:18:24 :  Servidor escuchando en el puerto:  3000
info: 11/6/2023, 20:18:24 :  ¡Conectado a la Base de Datos!
info: 11/6/2023, 20:18:26 :  visitante accedio al recuperacion
info: 11/6/2023, 20:18:33 :  visitante accedio al recuperacion y al dar click a recuperar con el correo  y se le genero un token a : fabian@remotepcsolutions.com 
info: 11/6/2023, 20:18:33 :  Enviar el correo electrónico de recuperación de contraseña con el enlace que contiene el token a fabian@remotepcsolutions.com
info: 11/6/2023, 20:19:03 :  Error al enviar el correo electrónico que contiene el token a fabian@remotepcsolutions.com
info: 11/6/2023, 20:20:05 :  Servidor escuchando en el puerto:  3000
info: 11/6/2023, 20:20:05 :  ¡Conectado a la Base de Datos!
info: 11/6/2023, 20:20:08 :  visitante accedio al recuperacion
info: 11/6/2023, 20:20:09 :  visitante accedio al recuperacion y al dar click a recuperar con el correo  y se le genero un token a : fabian@remotepcsolutions.com 
info: 11/6/2023, 20:20:09 :  Enviar el correo electrónico de recuperación de contraseña con el enlace que contiene el token a fabian@remotepcsolutions.com
info: 11/6/2023, 20:20:09 :  Error al enviar el correo electrónico que contiene el token a fabian@remotepcsolutions.com
info: 11/6/2023, 20:20:12 :  visitante accedio al recuperacion
info: 11/6/2023, 20:20:24 :  Servidor escuchando en el puerto:  3000
info: 11/6/2023, 20:20:24 :  ¡Conectado a la Base de Datos!
info: 11/6/2023, 20:20:26 :  visitante accedio al recuperacion
info: 11/6/2023, 20:20:29 :  visitante accedio al recuperacion y al dar click a recuperar con el correo  y se le genero un token a : fabian@remotepcsolutions.com 
info: 11/6/2023, 20:20:29 :  Enviar el correo electrónico de recuperación de contraseña con el enlace que contiene el token a fabian@remotepcsolutions.com
info: 11/6/2023, 20:20:29 :  Error al enviar el correo electrónico que contiene el token a fabian@remotepcsolutions.com
info: 11/6/2023, 20:20:48 :  Servidor escuchando en el puerto:  3000
info: 11/6/2023, 20:20:48 :  ¡Conectado a la Base de Datos!
info: 11/6/2023, 20:20:57 :  visitante accedio al recuperacion
info: 11/6/2023, 20:20:57 :  visitante accedio al recuperacion y al dar click a recuperar con el correo  y se le genero un token a : fabian@remotepcsolutions.com 
info: 11/6/2023, 20:20:57 :  Enviar el correo electrónico de recuperación de contraseña con el enlace que contiene el token a fabian@remotepcsolutions.com
info: 11/6/2023, 20:21:27 :  Error al enviar el correo electrónico que contiene el token a fabian@remotepcsolutions.com
info: 11/6/2023, 20:23:23 :  Servidor escuchando en el puerto:  3000
info: 11/6/2023, 20:23:23 :  ¡Conectado a la Base de Datos!
info: 11/6/2023, 20:23:26 :  visitante accedio al recuperacion
info: 11/6/2023, 20:23:27 :  visitante accedio al recuperacion y al dar click a recuperar con el correo  y se le genero un token a : fabian@remotepcsolutions.com 
info: 11/6/2023, 20:23:27 :  Enviar el correo electrónico de recuperación de contraseña con el enlace que contiene el token a fabian@remotepcsolutions.com
info: 11/6/2023, 20:23:27 :  Error al enviar el correo electrónico a fabian@remotepcsolutions.com: ReferenceError: EMAIL_USER is not defined
info: 11/6/2023, 20:23:52 :  Servidor escuchando en el puerto:  3000
info: 11/6/2023, 20:23:52 :  ¡Conectado a la Base de Datos!
info: 11/6/2023, 20:23:54 :  visitante accedio al recuperacion
info: 11/6/2023, 20:23:55 :  visitante accedio al recuperacion y al dar click a recuperar con el correo  y se le genero un token a : fabian@remotepcsolutions.com 
info: 11/6/2023, 20:23:55 :  Enviar el correo electrónico de recuperación de contraseña con el enlace que contiene el token a fabian@remotepcsolutions.com
info: 11/6/2023, 20:23:55 :  Error al enviar el correo electrónico a fabian@remotepcsolutions.com: ReferenceError: EMAIL_USER is not defined
info: 11/6/2023, 20:24:16 :  Servidor escuchando en el puerto:  3000
info: 11/6/2023, 20:24:16 :  ¡Conectado a la Base de Datos!
info: 11/6/2023, 20:24:19 :  visitante accedio al recuperacion
info: 11/6/2023, 20:24:20 :  visitante accedio al recuperacion y al dar click a recuperar con el correo  y se le genero un token a : fabian@remotepcsolutions.com 
info: 11/6/2023, 20:24:20 :  Enviar el correo electrónico de recuperación de contraseña con el enlace que contiene el token a fabian@remotepcsolutions.com
info: 11/6/2023, 20:24:20 :  Error al enviar el correo electrónico a fabian@remotepcsolutions.com: ReferenceError: EMAIL_USER is not defined
info: 11/6/2023, 20:24:38 :  Servidor escuchando en el puerto:  3000
info: 11/6/2023, 20:24:38 :  ¡Conectado a la Base de Datos!
info: 11/6/2023, 20:24:40 :  visitante accedio al recuperacion
info: 11/6/2023, 20:24:40 :  visitante accedio al recuperacion y al dar click a recuperar con el correo  y se le genero un token a : fabian@remotepcsolutions.com 
info: 11/6/2023, 20:24:40 :  Enviar el correo electrónico de recuperación de contraseña con el enlace que contiene el token a fabian@remotepcsolutions.com
info: 11/6/2023, 20:24:40 :  Error al enviar el correo electrónico a fabian@remotepcsolutions.com: TypeError: Cannot set properties of undefined (setting 'mailer')
info: 11/6/2023, 20:25:33 :  Servidor escuchando en el puerto:  3000
info: 11/6/2023, 20:25:33 :  ¡Conectado a la Base de Datos!
info: 11/6/2023, 20:25:35 :  visitante accedio al recuperacion
info: 11/6/2023, 20:25:36 :  visitante accedio al recuperacion y al dar click a recuperar con el correo  y se le genero un token a : fabian@remotepcsolutions.com 
info: 11/6/2023, 20:25:36 :  Enviar el correo electrónico de recuperación de contraseña con el enlace que contiene el token a fabian@remotepcsolutions.com
info: 11/6/2023, 20:25:36 :  Error al enviar el correo electrónico a fabian@remotepcsolutions.com: TypeError: Cannot set properties of undefined (setting 'mailer')
info: 11/6/2023, 20:26:51 :  Servidor escuchando en el puerto:  3000
info: 11/6/2023, 20:26:51 :  ¡Conectado a la Base de Datos!
info: 11/6/2023, 20:26:53 :  visitante accedio al recuperacion
info: 11/6/2023, 20:26:54 :  visitante accedio al recuperacion y al dar click a recuperar con el correo  y se le genero un token a : fabian@remotepcsolutions.com 
info: 11/6/2023, 20:26:54 :  Enviar el correo electrónico de recuperación de contraseña con el enlace que contiene el token a fabian@remotepcsolutions.com
info: 11/6/2023, 20:26:54 :  Error al enviar el correo electrónico a fabian@remotepcsolutions.com: TypeError: Cannot set properties of undefined (setting 'mailer')
info: 11/6/2023, 20:27:16 :  Servidor escuchando en el puerto:  3000
info: 11/6/2023, 20:27:16 :  ¡Conectado a la Base de Datos!
info: 11/6/2023, 20:27:49 :  Servidor escuchando en el puerto:  3000
info: 11/6/2023, 20:27:49 :  ¡Conectado a la Base de Datos!
info: 11/6/2023, 20:27:53 :  Servidor escuchando en el puerto:  3000
info: 11/6/2023, 20:27:53 :  ¡Conectado a la Base de Datos!
info: 11/6/2023, 20:27:53 :  visitante accedio al recuperacion
info: 11/6/2023, 20:27:54 :  visitante accedio al recuperacion y al dar click a recuperar con el correo  y se le genero un token a : fabian@remotepcsolutions.com 
info: 11/6/2023, 20:27:54 :  Enviar el correo electrónico de recuperación de contraseña con el enlace que contiene el token a fabian@remotepcsolutions.com
info: 11/6/2023, 20:28:24 :  Error al enviar el correo electrónico que contiene el token a fabian@remotepcsolutions.com
info: 11/6/2023, 20:29:11 :  visitante accedio al recuperacion
info: 11/6/2023, 20:29:12 :  visitante accedio al recuperacion y al dar click a recuperar con el correo  y se le genero un token a : fabian@remotepcsolutions.com 
info: 11/6/2023, 20:29:12 :  Enviar el correo electrónico de recuperación de contraseña con el enlace que contiene el token a fabian@remotepcsolutions.com
info: 11/6/2023, 20:29:36 :  Servidor escuchando en el puerto:  3000
info: 11/6/2023, 20:29:36 :  ¡Conectado a la Base de Datos!
info: 11/6/2023, 20:29:36 :  visitante accedio al recuperacion y al dar click a recuperar con el correo  y se le genero un token a : fabian@remotepcsolutions.com 
info: 11/6/2023, 20:29:36 :  Enviar el correo electrónico de recuperación de contraseña con el enlace que contiene el token a fabian@remotepcsolutions.com
info: 11/6/2023, 20:29:36 :  Correo electrónico de recuperación de contraseña enviado con éxito contiene el token a fabian@remotepcsolutions.com
info: 11/6/2023, 20:29:39 :  visitante accedio al recuperacion
info: 11/6/2023, 20:29:40 :  visitante accedio al recuperacion y al dar click a recuperar con el correo  y se le genero un token a : fabian@remotepcsolutions.com 
info: 11/6/2023, 20:29:40 :  Enviar el correo electrónico de recuperación de contraseña con el enlace que contiene el token a fabian@remotepcsolutions.com
info: 11/6/2023, 20:29:41 :  Correo electrónico de recuperación de contraseña enviado con éxito contiene el token a fabian@remotepcsolutions.com
info: 11/6/2023, 20:30:14 :  el usuario entro a formulario de cambio de clave
info: 11/6/2023, 20:30:20 :   Actualizar la contraseña en la base de datos para fabian@remotepcsolutions.com
info: 11/6/2023, 20:30:20 :   :  visitante accedio al login
info: 11/6/2023, 20:30:27 :  visitante logro de logearse con el usuario  fabian@remotepcsolutions.com 
info: 11/6/2023, 20:30:31 :  el usuario se ha deslogeado  fabian@remotepcsolutions.com 
info: 6/13/2023, 12:28:40 PM :  Servidor escuchando en el puerto:  3000
info: 6/13/2023, 12:28:40 PM :  ¡Conectado a la Base de Datos!
info: 6/13/2023, 12:28:56 PM :   :  visitante accedio al login
info: 6/13/2023, 12:29:06 PM :  visitante logro de logearse con el usuario  fabian@remotepcsolutions.com 
info: 6/13/2023, 12:29:10 PM :  el usuario se ha deslogeado  fabian@remotepcsolutions.com 
info: 6/13/2023, 12:29:11 PM :   :  visitante accedio al login
info: 6/13/2023, 12:29:14 PM :  visitante trato de logearse con el usuario  espejofabian@gmail.com pero ha fallado 
info: 6/13/2023, 12:29:15 PM :   :  visitante accedio al login
info: 6/13/2023, 12:36:25 PM :  Servidor escuchando en el puerto:  3000
info: 6/13/2023, 12:36:25 PM :  ¡Conectado a la Base de Datos!
info: 6/13/2023, 12:36:41 PM :   :  visitante accedio al login
info: 6/13/2023, 12:36:43 PM :  visitante accedio al registro
info: 6/13/2023, 12:36:55 PM :  visitante se registro de manera exitosa para el usuario : fabian@remotepcsolutions.com
info: 6/13/2023, 12:37:04 PM :   :  visitante accedio al login
info: 6/13/2023, 12:37:12 PM :  visitante logro de logearse con el usuario  fabian@remotepcsolutions.com 
info: 6/13/2023, 12:37:17 PM :  el usuario se ha deslogeado  fabian@remotepcsolutions.com 
info: 6/13/2023, 12:37:18 PM :   :  visitante accedio al login
info: 6/13/2023, 12:37:24 PM :  visitante trato de logearse con el usuario  espejofabian@gmail.com pero ha fallado 
info: 6/13/2023, 12:37:26 PM :   :  visitante accedio al login
info: 6/13/2023, 12:37:37 PM :  visitante trato de logearse con el usuario  fabian@remotepcsolutions.com pero ha fallado 
info: 6/13/2023, 12:37:39 PM :   :  visitante accedio al login
info: 6/13/2023, 12:37:41 PM :  visitante accedio al recuperacion
info: 6/13/2023, 12:37:46 PM :  visitante accedio al recuperacion y al dar click a recuperar con el correo  y se le genero un token a : fabian@remotepcsolutions.com 
info: 6/13/2023, 12:37:46 PM :  Enviar el correo electrónico de recuperación de contraseña con el enlace que contiene el token a fabian@remotepcsolutions.com
info: 6/13/2023, 12:37:46 PM :  Correo electrónico de recuperación de contraseña enviado con éxito contiene el token a fabian@remotepcsolutions.com
info: 6/13/2023, 12:38:37 PM :  el usuario entro a formulario de cambio de clave
info: 6/13/2023, 12:38:43 PM :   Actualizar la contraseña en la base de datos para fabian@remotepcsolutions.com
info: 6/13/2023, 12:38:43 PM :   :  visitante accedio al login
info: 6/13/2023, 12:38:51 PM :  visitante logro de logearse con el usuario  fabian@remotepcsolutions.com 
info: 6/13/2023, 12:39:18 PM :  el usuario se ha deslogeado  fabian@remotepcsolutions.com 
info: 6/14/2023, 2:41:53 PM :  Servidor escuchando en el puerto:  3000
info: 6/14/2023, 2:41:53 PM :  ¡Conectado a la Base de Datos!
info: 6/14/2023, 2:42:01 PM :   :  visitante accedio al login
info: 6/14/2023, 2:42:04 PM :  visitante trato de logearse con el usuario  espejofabian@gmail.com pero ha fallado 
info: 6/14/2023, 2:42:05 PM :   :  visitante accedio al login
info: 6/14/2023, 2:42:09 PM :  visitante trato de logearse con el usuario  espejofabian@gmail.com pero ha fallado 
info: 6/14/2023, 2:42:10 PM :   :  visitante accedio al login
info: 6/14/2023, 2:42:16 PM :  visitante trato de logearse con el usuario  espejofabian@gmail.com pero ha fallado 
info: 6/14/2023, 2:42:17 PM :   :  visitante accedio al login
info: 6/14/2023, 2:42:25 PM :  visitante trato de logearse con el usuario  fabian@remotepcsolutions.com pero ha fallado 
info: 6/14/2023, 2:42:26 PM :   :  visitante accedio al login
info: 6/14/2023, 2:42:30 PM :  visitante trato de logearse con el usuario  fabian@remotepcsolutions.com pero ha fallado 
info: 6/14/2023, 2:42:31 PM :   :  visitante accedio al login
info: 6/14/2023, 3:58:07 PM :   :  visitante accedio al login
info: 6/14/2023, 3:58:10 PM :  visitante accedio al registro
info: 6/14/2023, 4:18:14 PM :  visitante accedio al registro
info: 6/14/2023, 4:18:14 PM :  visitante accedio al registro
info: 6/14/2023, 4:19:40 PM :  visitante accedio al registro
info: 6/14/2023, 4:19:44 PM :  visitante accedio al registro
info: 6/14/2023, 4:20:47 PM :  visitante accedio al registro
info: 6/14/2023, 4:20:48 PM :  visitante accedio al registro
info: 6/14/2023, 4:20:56 PM :  visitante accedio al registro
info: 6/14/2023, 4:21:44 PM :  visitante no pudo resgistrarse ya que el usuario agregado ya existe 
info: 6/14/2023, 4:23:11 PM :   :  visitante accedio al login
info: 6/14/2023, 4:23:13 PM :  visitante accedio al registro
info: 6/14/2023, 4:25:37 PM :  Servidor escuchando en el puerto:  3000
info: 6/14/2023, 4:25:37 PM :  ¡Conectado a la Base de Datos!
info: 6/14/2023, 4:25:38 PM :  visitante accedio al registro
info: 6/14/2023, 4:25:50 PM :  visitante no pudo resgistrarse ya que el usuario agregado ya existe 
info: 6/14/2023, 4:28:56 PM :  Servidor escuchando en el puerto:  3000
info: 6/14/2023, 4:28:56 PM :  ¡Conectado a la Base de Datos!
info: 6/14/2023, 4:29:05 PM :  visitante no pudo resgistrarse ya que el usuario agregado ya existe 
info: 6/14/2023, 4:30:28 PM :  visitante accedio al registro
info: 6/14/2023, 4:30:35 PM :   :  visitante accedio al login
info: 6/14/2023, 4:30:39 PM :  visitante trato de logearse con el usuario  espejofabian@gmail.com pero ha fallado 
info: 6/14/2023, 4:30:40 PM :   :  visitante accedio al login
info: 6/14/2023, 4:30:44 PM :  visitante trato de logearse con el usuario  espejofabian@gmail.com pero ha fallado 
info: 6/14/2023, 4:30:45 PM :   :  visitante accedio al login
info: 6/14/2023, 4:30:49 PM :  visitante trato de logearse con el usuario  espejofabian@gmail.com pero ha fallado 
info: 6/14/2023, 4:30:50 PM :   :  visitante accedio al login
info: 6/14/2023, 4:30:54 PM :  visitante trato de logearse con el usuario  espejofabian@gmail.com pero ha fallado 
info: 6/14/2023, 4:30:55 PM :   :  visitante accedio al login
info: 6/14/2023, 4:30:59 PM :  visitante trato de logearse con el usuario  fabian@remotepcsolutions.com pero ha fallado 
info: 6/14/2023, 4:31:00 PM :   :  visitante accedio al login
info: 6/14/2023, 4:31:04 PM :  visitante trato de logearse con el usuario  fabian@remotepcsolutions.com pero ha fallado 
info: 6/14/2023, 4:31:05 PM :   :  visitante accedio al login
info: 6/14/2023, 4:31:14 PM :  visitante trato de logearse con el usuario  fabian@remotepcsolutions.com pero ha fallado 
info: 6/14/2023, 4:31:15 PM :   :  visitante accedio al login
info: 6/14/2023, 4:32:13 PM :   :  visitante accedio al login
info: 6/14/2023, 4:32:18 PM :  Servidor escuchando en el puerto:  3000
info: 6/14/2023, 4:32:18 PM :  ¡Conectado a la Base de Datos!
info: 6/14/2023, 4:32:25 PM :  visitante accedio al registro
info: 6/14/2023, 4:32:31 PM :  visitante se registro de manera exitosa para el usuario : espejofabian@gmail.com
info: 6/14/2023, 4:32:35 PM :   :  visitante accedio al login
info: 6/14/2023, 4:32:37 PM :  visitante logro de logearse con el usuario  espejofabian@gmail.com 
info: 6/14/2023, 4:32:40 PM :  el usuario se ha deslogeado  espejofabian@gmail.com 
info: 6/14/2023, 4:33:45 PM :  Servidor escuchando en el puerto:  3000
info: 6/14/2023, 4:33:45 PM :  ¡Conectado a la Base de Datos!
info: 6/14/2023, 4:34:08 PM :  Servidor escuchando en el puerto:  3000
info: 6/14/2023, 4:34:08 PM :  ¡Conectado a la Base de Datos!
info: 6/14/2023, 4:34:23 PM :  Servidor escuchando en el puerto:  3000
info: 6/14/2023, 4:34:23 PM :  ¡Conectado a la Base de Datos!
info: 6/14/2023, 4:34:28 PM :   :  visitante accedio al login
info: 6/14/2023, 4:34:29 PM :  visitante accedio al registro
info: 6/14/2023, 4:34:38 PM :  visitante no pudo resgistrarse ya que el usuario agregado ya existe 
info: 6/14/2023, 4:37:01 PM :  visitante no pudo resgistrarse ya que el usuario agregado ya existe 
info: 6/14/2023, 4:37:12 PM :  Servidor escuchando en el puerto:  3000
info: 6/14/2023, 4:37:12 PM :  ¡Conectado a la Base de Datos!
info: 6/14/2023, 4:37:14 PM :   :  visitante accedio al login
info: 6/14/2023, 4:37:18 PM :  visitante accedio al registro
info: 6/14/2023, 4:38:07 PM :  visitante no pudo resgistrarse ya que el usuario agregado ya existe 
info: 6/14/2023, 4:38:24 PM :  Servidor escuchando en el puerto:  3000
info: 6/14/2023, 4:38:24 PM :  ¡Conectado a la Base de Datos!
info: 6/14/2023, 4:38:33 PM :  visitante no pudo resgistrarse ya que el usuario agregado ya existe 
info: 6/14/2023, 4:39:22 PM :  Servidor escuchando en el puerto:  3000
info: 6/14/2023, 4:39:22 PM :  ¡Conectado a la Base de Datos!
info: 6/14/2023, 4:39:29 PM :   :  visitante accedio al login
info: 6/14/2023, 4:39:31 PM :  visitante accedio al registro
info: 6/14/2023, 4:39:55 PM :  visitante se registro de manera exitosa para el usuario : fabian@remotepcsolutions.com
info: 6/14/2023, 4:40:56 PM :   :  visitante accedio al login
info: 6/14/2023, 4:40:58 PM :  visitante accedio al registro
info: 6/14/2023, 4:41:06 PM :  visitante se registro de manera exitosa para el usuario : fabian@remotepcsolutions.com
info: 6/14/2023, 4:42:38 PM :   :  visitante accedio al login
info: 6/14/2023, 4:42:39 PM :  visitante accedio al registro
info: 6/14/2023, 4:42:58 PM :  visitante accedio al registro
info: 6/14/2023, 4:43:02 PM :  visitante accedio al registro
info: 6/14/2023, 4:43:39 PM :  visitante accedio al registro
info: 6/14/2023, 4:43:40 PM :  visitante accedio al registro
info: 6/14/2023, 4:43:57 PM :  visitante accedio al registro
info: 6/14/2023, 4:44:06 PM :  visitante accedio al registro
info: 6/14/2023, 4:45:18 PM :  visitante accedio al registro
info: 6/14/2023, 5:04:46 PM :  Servidor escuchando en el puerto:  3000
info: 6/14/2023, 5:04:46 PM :  ¡Conectado a la Base de Datos!
info: 6/14/2023, 5:07:00 PM :  Servidor escuchando en el puerto:  3000
info: 6/14/2023, 5:07:00 PM :  ¡Conectado a la Base de Datos!
info: 6/14/2023, 5:08:41 PM :  Servidor escuchando en el puerto:  3000
info: 6/14/2023, 5:08:41 PM :  ¡Conectado a la Base de Datos!
info: 6/14/2023, 5:10:27 PM :  Servidor escuchando en el puerto:  3000
info: 6/14/2023, 5:10:27 PM :  ¡Conectado a la Base de Datos!
info: 6/14/2023, 5:13:25 PM :  Servidor escuchando en el puerto:  3000
info: 6/14/2023, 5:13:25 PM :  ¡Conectado a la Base de Datos!
info: 6/14/2023, 5:13:35 PM :  visitante accedio al registro
info: 6/14/2023, 5:13:57 PM :  Servidor escuchando en el puerto:  3000
info: 6/14/2023, 5:13:57 PM :  ¡Conectado a la Base de Datos!
info: 6/14/2023, 5:14:03 PM :  Servidor escuchando en el puerto:  3000
info: 6/14/2023, 5:14:03 PM :  ¡Conectado a la Base de Datos!
info: 6/14/2023, 5:14:28 PM :  Servidor escuchando en el puerto:  3000
info: 6/14/2023, 5:14:28 PM :  ¡Conectado a la Base de Datos!
info: 6/14/2023, 5:14:29 PM :  Servidor escuchando en el puerto:  3000
info: 6/14/2023, 5:14:29 PM :  ¡Conectado a la Base de Datos!
info: 6/14/2023, 5:14:42 PM :  Servidor escuchando en el puerto:  3000
info: 6/14/2023, 5:14:42 PM :  ¡Conectado a la Base de Datos!
info: 6/14/2023, 5:17:21 PM :  Servidor escuchando en el puerto:  3000
info: 6/14/2023, 5:17:21 PM :  ¡Conectado a la Base de Datos!
info: 6/14/2023, 5:19:20 PM :  Servidor escuchando en el puerto:  3000
info: 6/14/2023, 5:19:20 PM :  ¡Conectado a la Base de Datos!
info: 6/14/2023, 5:19:27 PM :  Servidor escuchando en el puerto:  3000
info: 6/14/2023, 5:19:27 PM :  ¡Conectado a la Base de Datos!
info: 6/14/2023, 5:19:47 PM :  Servidor escuchando en el puerto:  3000
info: 6/14/2023, 5:19:47 PM :  ¡Conectado a la Base de Datos!
info: 6/14/2023, 5:20:28 PM :  Servidor escuchando en el puerto:  3000
info: 6/14/2023, 5:20:28 PM :  ¡Conectado a la Base de Datos!
info: 6/14/2023, 5:20:35 PM :  Servidor escuchando en el puerto:  3000
info: 6/14/2023, 5:20:35 PM :  ¡Conectado a la Base de Datos!
info: 6/14/2023, 5:20:40 PM :  Servidor escuchando en el puerto:  3000
info: 6/14/2023, 5:20:40 PM :  ¡Conectado a la Base de Datos!
info: 6/14/2023, 5:20:45 PM :  Servidor escuchando en el puerto:  3000
info: 6/14/2023, 5:20:45 PM :  ¡Conectado a la Base de Datos!
info: 6/14/2023, 5:20:53 PM :  Servidor escuchando en el puerto:  3000
info: 6/14/2023, 5:20:53 PM :  ¡Conectado a la Base de Datos!
info: 6/14/2023, 5:20:55 PM :  Servidor escuchando en el puerto:  3000
info: 6/14/2023, 5:20:55 PM :  ¡Conectado a la Base de Datos!
info: 6/14/2023, 5:44:17 PM :  Servidor escuchando en el puerto:  3000
info: 6/14/2023, 5:44:17 PM :  ¡Conectado a la Base de Datos!
info: 6/14/2023, 5:44:31 PM :  Servidor escuchando en el puerto:  3000
info: 6/14/2023, 5:44:31 PM :  ¡Conectado a la Base de Datos!
info: 6/14/2023, 5:44:39 PM :  Servidor escuchando en el puerto:  3000
info: 6/14/2023, 5:44:39 PM :  ¡Conectado a la Base de Datos!
info: 6/14/2023, 5:48:42 PM :  Servidor escuchando en el puerto:  3000
info: 6/14/2023, 5:48:42 PM :  ¡Conectado a la Base de Datos!
info: 6/14/2023, 5:49:00 PM :  Servidor escuchando en el puerto:  3000
info: 6/14/2023, 5:49:00 PM :  ¡Conectado a la Base de Datos!
info: 6/14/2023, 5:49:20 PM :  Servidor escuchando en el puerto:  3000
info: 6/14/2023, 5:49:20 PM :  ¡Conectado a la Base de Datos!
info: 6/14/2023, 5:49:34 PM :  Servidor escuchando en el puerto:  3000
info: 6/14/2023, 5:49:34 PM :  ¡Conectado a la Base de Datos!
info: 6/14/2023, 5:52:21 PM :  Servidor escuchando en el puerto:  3000
info: 6/14/2023, 5:52:21 PM :  ¡Conectado a la Base de Datos!
info: 6/14/2023, 5:53:00 PM :  Servidor escuchando en el puerto:  3000
info: 6/14/2023, 5:53:00 PM :  ¡Conectado a la Base de Datos!
info: 6/14/2023, 5:58:12 PM :  Servidor escuchando en el puerto:  3000
info: 6/14/2023, 5:58:12 PM :  ¡Conectado a la Base de Datos!
info: 6/14/2023, 5:58:14 PM :  visitante logro de logearse con el usuario  fabian@remotepcsolutions.com 
info: 6/14/2023, 6:02:02 PM :  Servidor escuchando en el puerto:  3000
info: 6/14/2023, 6:02:02 PM :  ¡Conectado a la Base de Datos!
info: 6/15/2023, 10:36:08 AM :  Servidor escuchando en el puerto:  3000
info: 6/15/2023, 10:36:08 AM :  ¡Conectado a la Base de Datos!
info: 6/15/2023, 11:11:32 AM :   :  visitante accedio al login
info: 6/15/2023, 11:11:39 AM :  visitante logro de logearse con el usuario  fabian@remotepcsolutions.com 
info: 6/15/2023, 11:11:43 AM :  el usuario se ha deslogeado  fabian@remotepcsolutions.com 
info: 6/15/2023, 11:13:33 AM :  Servidor escuchando en el puerto:  3000
info: 6/15/2023, 11:13:33 AM :  ¡Conectado a la Base de Datos!
info: 6/15/2023, 11:19:54 AM :  Servidor escuchando en el puerto:  3000
info: 6/15/2023, 11:19:54 AM :  ¡Conectado a la Base de Datos!
info: 6/15/2023, 11:22:37 AM :  Servidor escuchando en el puerto:  3000
info: 6/15/2023, 11:22:37 AM :  ¡Conectado a la Base de Datos!
info: 6/15/2023, 11:22:39 AM :  Servidor escuchando en el puerto:  3000
info: 6/15/2023, 11:22:39 AM :  ¡Conectado a la Base de Datos!
info: 6/15/2023, 11:24:08 AM :  Servidor escuchando en el puerto:  3000
info: 6/15/2023, 11:24:08 AM :  ¡Conectado a la Base de Datos!
info: 6/15/2023, 11:24:11 AM :  Visitante accedió al formulario de inicio de sesión
info: 6/15/2023, 11:24:16 AM :  Visitante accedió al formulario de inicio de sesión
info: 6/15/2023, 11:24:31 AM :  El visitante inició sesión con éxito con el usuario fabian@remotepcsolutions.com
info: 6/15/2023, 11:29:41 AM :  Servidor escuchando en el puerto:  3000
info: 6/15/2023, 11:29:41 AM :  ¡Conectado a la Base de Datos!
info: 6/15/2023, 11:29:49 AM :  El visitante inició sesión con éxito con el usuario fabian@remotepcsolutions.com
info: 6/15/2023, 11:31:57 AM :  Servidor escuchando en el puerto:  3000
info: 6/15/2023, 11:31:57 AM :  ¡Conectado a la Base de Datos!
info: 6/15/2023, 11:32:02 AM :  El visitante inició sesión con éxito con el usuario fabian@remotepcsolutions.com
info: 6/15/2023, 11:32:59 AM :  Servidor escuchando en el puerto:  3000
info: 6/15/2023, 11:32:59 AM :  ¡Conectado a la Base de Datos!
info: 6/15/2023, 11:33:03 AM :  Visitante accedió al formulario de inicio de sesión
info: 6/15/2023, 11:33:06 AM :  El visitante inició sesión con éxito con el usuario fabian@remotepcsolutions.com
info: 6/15/2023, 11:34:00 AM :  Servidor escuchando en el puerto:  3000
info: 6/15/2023, 11:34:00 AM :  ¡Conectado a la Base de Datos!
info: 6/15/2023, 11:34:07 AM :  El visitante intentó iniciar sesión con el usuario espejofabian@gmail.com pero falló
info: 6/15/2023, 11:34:08 AM :  Visitante accedió al formulario de inicio de sesión
info: 6/15/2023, 11:34:11 AM :  El visitante inició sesión con éxito con el usuario fabian@remotepcsolutions.com
info: 6/15/2023, 11:35:02 AM :  Servidor escuchando en el puerto:  3000
info: 6/15/2023, 11:35:02 AM :  ¡Conectado a la Base de Datos!
info: 6/15/2023, 11:35:14 AM :  El visitante inició sesión con éxito con el usuario fabian@remotepcsolutions.com
info: 6/15/2023, 11:35:35 AM :  Servidor escuchando en el puerto:  3000
info: 6/15/2023, 11:35:35 AM :  ¡Conectado a la Base de Datos!
info: 6/15/2023, 11:35:42 AM :  El visitante inició sesión con éxito con el usuario fabian@remotepcsolutions.com
info: 6/15/2023, 11:37:40 AM :  Servidor escuchando en el puerto:  3000
info: 6/15/2023, 11:37:40 AM :  ¡Conectado a la Base de Datos!
info: 6/15/2023, 11:37:43 AM :  Visitante accedió al formulario de inicio de sesión
info: 6/15/2023, 11:37:46 AM :  El visitante inició sesión con éxito con el usuario fabian@remotepcsolutions.com
info: 6/15/2023, 12:49:11 PM :  Servidor escuchando en el puerto:  3000
info: 6/15/2023, 12:49:11 PM :  ¡Conectado a la Base de Datos!
info: 6/15/2023, 12:52:51 PM :  Servidor escuchando en el puerto:  3000
info: 6/15/2023, 12:52:51 PM :  ¡Conectado a la Base de Datos!
info: 6/15/2023, 12:52:57 PM :  Visitante accedió al formulario de inicio de sesión
info: 6/15/2023, 12:53:02 PM :  El visitante inició sesión con éxito con el usuario fabian@remotepcsolutions.com
info: 6/15/2023, 12:53:22 PM :  Servidor escuchando en el puerto:  3000
info: 6/15/2023, 12:53:22 PM :  ¡Conectado a la Base de Datos!
info: 6/15/2023, 12:53:27 PM :  El visitante inició sesión con éxito con el usuario fabian@remotepcsolutions.com
info: 6/15/2023, 12:57:15 PM :  Servidor escuchando en el puerto:  3000
info: 6/15/2023, 12:57:15 PM :  ¡Conectado a la Base de Datos!
info: 6/15/2023, 12:57:25 PM :  Visitante accedió al formulario de inicio de sesión
info: 6/15/2023, 12:57:28 PM :  El visitante inició sesión con éxito con el usuario fabian@remotepcsolutions.com
info: 6/15/2023, 12:58:43 PM :  Servidor escuchando en el puerto:  3000
info: 6/15/2023, 12:58:43 PM :  ¡Conectado a la Base de Datos!
info: 6/15/2023, 12:58:46 PM :  El usuario se ha desconectado undefined
info: 6/15/2023, 12:58:47 PM :  Visitante accedió al formulario de inicio de sesión
info: 6/15/2023, 12:58:49 PM :  El visitante inició sesión con éxito con el usuario fabian@remotepcsolutions.com
info: 6/15/2023, 12:59:26 PM :  Servidor escuchando en el puerto:  3000
info: 6/15/2023, 12:59:26 PM :  ¡Conectado a la Base de Datos!
info: 6/15/2023, 12:59:29 PM :  El usuario se ha desconectado undefined
info: 6/15/2023, 12:59:59 PM :  Servidor escuchando en el puerto:  3000
info: 6/15/2023, 12:59:59 PM :  ¡Conectado a la Base de Datos!
info: 6/15/2023, 1:00:02 PM :  Visitante accedió al formulario de inicio de sesión
info: 6/15/2023, 1:00:06 PM :  El visitante inició sesión con éxito con el usuario fabian@remotepcsolutions.com
info: 6/15/2023, 1:00:23 PM :  Servidor escuchando en el puerto:  3000
info: 6/15/2023, 1:00:23 PM :  ¡Conectado a la Base de Datos!
info: 6/15/2023, 2:18:06 PM :  Servidor escuchando en el puerto:  3000
info: 6/15/2023, 2:18:06 PM :  ¡Conectado a la Base de Datos!
info: 6/15/2023, 2:24:34 PM :  Servidor escuchando en el puerto:  3000
info: 6/15/2023, 2:24:34 PM :  ¡Conectado a la Base de Datos!
info: 6/15/2023, 2:24:46 PM :  Servidor escuchando en el puerto:  3000
info: 6/15/2023, 2:24:46 PM :  ¡Conectado a la Base de Datos!
info: 6/15/2023, 2:25:23 PM :  El visitante inició sesión con éxito con el usuario fabian@remotepcsolutions.com
info: 6/15/2023, 2:25:42 PM :  Servidor escuchando en el puerto:  3000
info: 6/15/2023, 2:25:42 PM :  ¡Conectado a la Base de Datos!
info: 6/15/2023, 2:25:46 PM :  Visitante accedió al formulario de registro
info: 6/15/2023, 2:25:49 PM :  El visitante inició sesión con éxito con el usuario fabian@remotepcsolutions.com
info: 6/15/2023, 2:29:22 PM :  Servidor escuchando en el puerto:  3000
info: 6/15/2023, 2:29:22 PM :  ¡Conectado a la Base de Datos!
info: 6/15/2023, 2:29:31 PM :  El visitante inició sesión con éxito con el usuario fabian@remotepcsolutions.com
info: 6/15/2023, 2:31:41 PM :  Servidor escuchando en el puerto:  3000
info: 6/15/2023, 2:31:41 PM :  ¡Conectado a la Base de Datos!
info: 6/15/2023, 2:38:26 PM :  Visitante accedió al formulario de inicio de sesión
info: 6/15/2023, 2:38:32 PM :  El visitante inició sesión con éxito con el usuario fabian@remotepcsolutions.com
info: 6/15/2023, 2:39:54 PM :  Servidor escuchando en el puerto:  3000
info: 6/15/2023, 2:39:54 PM :  ¡Conectado a la Base de Datos!
info: 6/15/2023, 2:40:03 PM :  Servidor escuchando en el puerto:  3000
info: 6/15/2023, 2:40:03 PM :  ¡Conectado a la Base de Datos!
info: 6/15/2023, 2:40:10 PM :  Visitante accedió al formulario de inicio de sesión
info: 6/15/2023, 2:40:14 PM :  El visitante inició sesión con éxito con el usuario fabian@remotepcsolutions.com
info: 6/15/2023, 2:41:49 PM :  Servidor escuchando en el puerto:  3000
info: 6/15/2023, 2:41:49 PM :  ¡Conectado a la Base de Datos!
info: 6/15/2023, 2:42:32 PM :  Servidor escuchando en el puerto:  3000
info: 6/15/2023, 2:42:33 PM :  ¡Conectado a la Base de Datos!
info: 6/15/2023, 2:43:30 PM :  Servidor escuchando en el puerto:  3000
info: 6/15/2023, 2:43:30 PM :  ¡Conectado a la Base de Datos!
info: 6/15/2023, 2:43:36 PM :  Visitante accedió al formulario de inicio de sesión
info: 6/15/2023, 2:43:39 PM :  El visitante inició sesión con éxito con el usuario fabian@remotepcsolutions.com
info: 6/15/2023, 2:45:11 PM :  El usuario se ha desconectado fabian@remotepcsolutions.com
info: 6/15/2023, 2:45:12 PM :  Visitante accedió al formulario de inicio de sesión
info: 6/15/2023, 2:45:17 PM :  El visitante inició sesión con éxito con el usuario fabian@remotepcsolutions.com
info: 6/15/2023, 3:00:25 PM :  El usuario se ha desconectado fabian@remotepcsolutions.com
info: 6/15/2023, 3:01:28 PM :  Visitante accedió al formulario de inicio de sesión
info: 6/15/2023, 3:01:30 PM :  Visitante accedió al formulario de registro
info: 6/15/2023, 3:01:47 PM :  El visitante no pudo registrarse porque el usuario ya existe
info: 6/15/2023, 3:01:50 PM :  Visitante accedió al formulario de registro
info: 6/15/2023, 3:02:08 PM :  El visitante se registró con éxito para el usuario: fabian@remotepcsolutions.com
info: 6/15/2023, 3:02:11 PM :  Visitante accedió al formulario de inicio de sesión
info: 6/15/2023, 3:02:13 PM :  Visitante accedió al formulario de registro
info: 6/15/2023, 3:02:31 PM :  El visitante se registró con éxito para el usuario: j@j.com
info: 6/15/2023, 3:02:34 PM :  Visitante accedió al formulario de inicio de sesión
info: 6/15/2023, 3:02:39 PM :  El visitante inició sesión con éxito con el usuario fabian@remotepcsolutions.com
info: 6/15/2023, 3:03:48 PM :  El usuario se ha desconectado fabian@remotepcsolutions.com
info: 6/15/2023, 3:03:49 PM :  Visitante accedió al formulario de inicio de sesión
info: 6/15/2023, 3:03:52 PM :  El visitante inició sesión con éxito con el usuario fabian@remotepcsolutions.com
info: 6/15/2023, 3:03:58 PM :  El usuario se ha desconectado fabian@remotepcsolutions.com
info: 6/15/2023, 3:03:59 PM :  Visitante accedió al formulario de inicio de sesión
info: 6/15/2023, 3:04:03 PM :  El visitante inició sesión con éxito con el usuario j@j.com
info: 6/15/2023, 3:05:42 PM :  El usuario se ha desconectado j@j.com
info: 6/15/2023, 3:05:43 PM :  Visitante accedió al formulario de inicio de sesión
info: 6/15/2023, 3:05:44 PM :  Visitante accedió al formulario de registro
info: 6/15/2023, 3:05:57 PM :  El visitante se registró con éxito para el usuario: k@k.com
info: 6/15/2023, 3:06:01 PM :  Visitante accedió al formulario de inicio de sesión
info: 6/15/2023, 3:06:04 PM :  El visitante inició sesión con éxito con el usuario k@k.com
